18:14:47 NOTE  title :Individuals Count of Events
18:14:47 NOTE  xlabels :['00: Kate Lawson', '01: Matilda Buckley', '02: Demi Bryant', "03: Francesca O'Neill", '04: Anthony Bray', '05: Liam Douglas', '06: Brooke Chambers', '07: Reece Holland', '08: Jasmine Reid', '09: Niamh Clements', '10: Eve Ryan', '11: Kiera Joyce', '12: Abbie Frost', '13: Grace Fletcher', '14: Anna Jones', '15: Nathan Gibson', '16: Ethan Goodwin', '17: Alexandra Bond', '18: Joel Pearson', '19: Cerys Butcher', '20: Bradley Giles', '21: Ewan Hawkins', '22: Georgia Middleton', '23: Lucy Curtis', '24: Harry Iqbal', '25: Bethany Armstrong', '26: Thomas Rowley', '27: Anthony Mahmood', '28: Keira Pearce', '29: Courtney Bolton', '30: Andrew Parsons', '31: Freddie Barnett', '32: Sam Coleman', '33: Jayden Long', '34: Danielle Harrison', '35: Eva Webster', '36: Victoria Kay', '37: Ben Baxter', '38: Billy Evans', '39: Imogen McLean', '40: Joel Conway', '41: Cerys Vincent', '42: Megan Armstrong', '43: Jack Hutchinson', '44: Jude Sullivan', '45: Paige Burton', '46: Natasha Bibi', '47: Samuel Jordan', '48: Jasmine Myers', '49: Benjamin Dale', '50: Olivia Cook']
18:14:47 NOTE  ylabels :['GestationalDiabetes:Birth', 'GestationalDiabetes:Male', 'GestationalDiabetes:Childless', 'GestationalDiabetes:ConceiveFirstChild', 'GestationalDiabetes:GPvisit']
18:14:47 NOTE  data :{'index': array([ 34, 117,  98,  77,  23,  78,  21,   1, 102,  83,  58,  18,  22,
        60,   2,  73,  36,  66, 119, 100,  45,  74,   3,  35,  80,  43,
        82, 113,  42,  94,  27, 111,  92,  29, 110,  91,  71,  49,  65,
        33,  79,  25,  41,  68,  46,  81,  59,  19,   4,  51,  20, 109,
        90,  75,   0,  54,   7,  86,  15, 105,  67,  39,  63,  30, 118,
        48,  99, 114,  38,  95,   6,  53,  26,  62,  56,  11,  14,  57,
       112,  37,  93, 101, 120,  40, 107,  10,  88,  52,   5,  61,  24,
        76,  17,  69,  44,  96, 115,  32,  97,  28, 116,  70,  47,  31,
        64,  16,  89, 108,   9,  87, 106,  72,  50, 103,  13,  84,   8,
        55, 104,  12,  85]), 'Pathway:Node': array(['GestationalDiabetes:Birth', 'GestationalDiabetes:GPvisit',
       'GestationalDiabetes:ConceiveFirstChild',
       'GestationalDiabetes:Childless', 'GestationalDiabetes:Birth',
       'GestationalDiabetes:Childless', 'GestationalDiabetes:Birth',
       'GestationalDiabetes:Birth', 'GestationalDiabetes:GPvisit',
       'GestationalDiabetes:ConceiveFirstChild',
       'GestationalDiabetes:Male', 'GestationalDiabetes:Birth',
       'GestationalDiabetes:Birth', 'GestationalDiabetes:Male',
       'GestationalDiabetes:Birth', 'GestationalDiabetes:Childless',
       'GestationalDiabetes:Birth', 'GestationalDiabetes:Male',
       'GestationalDiabetes:GPvisit',
       'GestationalDiabetes:ConceiveFirstChild',
       'GestationalDiabetes:Birth', 'GestationalDiabetes:Childless',
       'GestationalDiabetes:Birth', 'GestationalDiabetes:Birth',
       'GestationalDiabetes:Childless', 'GestationalDiabetes:Birth',
       'GestationalDiabetes:Childless', 'GestationalDiabetes:GPvisit',
       'GestationalDiabetes:Birth',
       'GestationalDiabetes:ConceiveFirstChild',
       'GestationalDiabetes:Birth', 'GestationalDiabetes:GPvisit',
       'GestationalDiabetes:ConceiveFirstChild',
       'GestationalDiabetes:Birth', 'GestationalDiabetes:GPvisit',
       'GestationalDiabetes:ConceiveFirstChild',
       'GestationalDiabetes:Male', 'GestationalDiabetes:Birth',
       'GestationalDiabetes:Male', 'GestationalDiabetes:Birth',
       'GestationalDiabetes:Childless', 'GestationalDiabetes:Birth',
       'GestationalDiabetes:Birth', 'GestationalDiabetes:Male',
       'GestationalDiabetes:Birth', 'GestationalDiabetes:Childless',
       'GestationalDiabetes:Male', 'GestationalDiabetes:Birth',
       'GestationalDiabetes:Birth', 'GestationalDiabetes:Male',
       'GestationalDiabetes:Birth', 'GestationalDiabetes:GPvisit',
       'GestationalDiabetes:ConceiveFirstChild',
       'GestationalDiabetes:Childless', 'GestationalDiabetes:Birth',
       'GestationalDiabetes:Male', 'GestationalDiabetes:Birth',
       'GestationalDiabetes:ConceiveFirstChild',
       'GestationalDiabetes:Birth', 'GestationalDiabetes:GPvisit',
       'GestationalDiabetes:Male', 'GestationalDiabetes:Birth',
       'GestationalDiabetes:Male', 'GestationalDiabetes:Birth',
       'GestationalDiabetes:GPvisit', 'GestationalDiabetes:Birth',
       'GestationalDiabetes:ConceiveFirstChild',
       'GestationalDiabetes:GPvisit', 'GestationalDiabetes:Birth',
       'GestationalDiabetes:ConceiveFirstChild',
       'GestationalDiabetes:Birth', 'GestationalDiabetes:Male',
       'GestationalDiabetes:Birth', 'GestationalDiabetes:Male',
       'GestationalDiabetes:Male', 'GestationalDiabetes:Birth',
       'GestationalDiabetes:Birth', 'GestationalDiabetes:Male',
       'GestationalDiabetes:GPvisit', 'GestationalDiabetes:Birth',
       'GestationalDiabetes:ConceiveFirstChild',
       'GestationalDiabetes:ConceiveFirstChild',
       'GestationalDiabetes:GPvisit', 'GestationalDiabetes:Birth',
       'GestationalDiabetes:GPvisit', 'GestationalDiabetes:Birth',
       'GestationalDiabetes:ConceiveFirstChild',
       'GestationalDiabetes:Male', 'GestationalDiabetes:Birth',
       'GestationalDiabetes:Male', 'GestationalDiabetes:Birth',
       'GestationalDiabetes:Childless', 'GestationalDiabetes:Birth',
       'GestationalDiabetes:Male', 'GestationalDiabetes:Birth',
       'GestationalDiabetes:ConceiveFirstChild',
       'GestationalDiabetes:GPvisit', 'GestationalDiabetes:Birth',
       'GestationalDiabetes:ConceiveFirstChild',
       'GestationalDiabetes:Birth', 'GestationalDiabetes:GPvisit',
       'GestationalDiabetes:Male', 'GestationalDiabetes:Birth',
       'GestationalDiabetes:Birth', 'GestationalDiabetes:Male',
       'GestationalDiabetes:Birth',
       'GestationalDiabetes:ConceiveFirstChild',
       'GestationalDiabetes:GPvisit', 'GestationalDiabetes:Birth',
       'GestationalDiabetes:ConceiveFirstChild',
       'GestationalDiabetes:GPvisit', 'GestationalDiabetes:Male',
       'GestationalDiabetes:Birth', 'GestationalDiabetes:GPvisit',
       'GestationalDiabetes:Birth',
       'GestationalDiabetes:ConceiveFirstChild',
       'GestationalDiabetes:Birth', 'GestationalDiabetes:Male',
       'GestationalDiabetes:GPvisit', 'GestationalDiabetes:Birth',
       'GestationalDiabetes:ConceiveFirstChild'], dtype=object), 'Person': array(['00: Kate Lawson', '00: Kate Lawson', '00: Kate Lawson',
       '01: Matilda Buckley', '01: Matilda Buckley', '02: Demi Bryant',
       '02: Demi Bryant', "03: Francesca O'Neill",
       "03: Francesca O'Neill", "03: Francesca O'Neill",
       '04: Anthony Bray', '04: Anthony Bray', '05: Liam Douglas',
       '05: Liam Douglas', '06: Brooke Chambers', '06: Brooke Chambers',
       '07: Reece Holland', '07: Reece Holland', '08: Jasmine Reid',
       '08: Jasmine Reid', '08: Jasmine Reid', '09: Niamh Clements',
       '09: Niamh Clements', '10: Eve Ryan', '10: Eve Ryan',
       '11: Kiera Joyce', '11: Kiera Joyce', '12: Abbie Frost',
       '12: Abbie Frost', '12: Abbie Frost', '13: Grace Fletcher',
       '13: Grace Fletcher', '13: Grace Fletcher', '14: Anna Jones',
       '14: Anna Jones', '14: Anna Jones', '15: Nathan Gibson',
       '15: Nathan Gibson', '16: Ethan Goodwin', '16: Ethan Goodwin',
       '17: Alexandra Bond', '17: Alexandra Bond', '18: Joel Pearson',
       '18: Joel Pearson', '19: Cerys Butcher', '19: Cerys Butcher',
       '20: Bradley Giles', '20: Bradley Giles', '21: Ewan Hawkins',
       '21: Ewan Hawkins', '22: Georgia Middleton',
       '22: Georgia Middleton', '22: Georgia Middleton',
       '23: Lucy Curtis', '23: Lucy Curtis', '24: Harry Iqbal',
       '24: Harry Iqbal', '25: Bethany Armstrong',
       '25: Bethany Armstrong', '25: Bethany Armstrong',
       '26: Thomas Rowley', '26: Thomas Rowley', '27: Anthony Mahmood',
       '27: Anthony Mahmood', '28: Keira Pearce', '28: Keira Pearce',
       '28: Keira Pearce', '29: Courtney Bolton', '29: Courtney Bolton',
       '29: Courtney Bolton', '30: Andrew Parsons', '30: Andrew Parsons',
       '31: Freddie Barnett', '31: Freddie Barnett', '32: Sam Coleman',
       '32: Sam Coleman', '33: Jayden Long', '33: Jayden Long',
       '34: Danielle Harrison', '34: Danielle Harrison',
       '34: Danielle Harrison', '35: Eva Webster', '35: Eva Webster',
       '35: Eva Webster', '36: Victoria Kay', '36: Victoria Kay',
       '36: Victoria Kay', '37: Ben Baxter', '37: Ben Baxter',
       '38: Billy Evans', '38: Billy Evans', '39: Imogen McLean',
       '39: Imogen McLean', '40: Joel Conway', '40: Joel Conway',
       '41: Cerys Vincent', '41: Cerys Vincent', '41: Cerys Vincent',
       '42: Megan Armstrong', '42: Megan Armstrong',
       '42: Megan Armstrong', '43: Jack Hutchinson',
       '43: Jack Hutchinson', '44: Jude Sullivan', '44: Jude Sullivan',
       '45: Paige Burton', '45: Paige Burton', '45: Paige Burton',
       '46: Natasha Bibi', '46: Natasha Bibi', '46: Natasha Bibi',
       '47: Samuel Jordan', '47: Samuel Jordan', '48: Jasmine Myers',
       '48: Jasmine Myers', '48: Jasmine Myers', '49: Benjamin Dale',
       '49: Benjamin Dale', '50: Olivia Cook', '50: Olivia Cook',
       '50: Olivia Cook'], dtype=object), 'Count': array([4, 1, 1, 1, 4, 1, 4, 4, 1, 1, 1, 4, 4, 1, 4, 1, 4, 1, 1, 1, 4, 1,
       4, 4, 1, 4, 1, 1, 4, 1, 4, 1, 1, 4, 1, 1, 1, 4, 1, 4, 1, 4, 4, 1,
       4, 1, 1, 4, 4, 1, 4, 1, 1, 1, 4, 1, 4, 1, 4, 1, 1, 4, 1, 4, 1, 4,
       1, 1, 4, 1, 4, 1, 4, 1, 1, 4, 4, 1, 1, 4, 1, 1, 1, 4, 1, 4, 1, 1,
       4, 1, 4, 1, 4, 1, 4, 1, 1, 4, 1, 4, 1, 1, 4, 4, 1, 4, 1, 1, 4, 1,
       1, 1, 4, 1, 4, 1, 4, 1, 1, 4, 1]), 'ScaledSize': array([30. ,  7.5,  7.5,  7.5, 30. ,  7.5, 30. , 30. ,  7.5,  7.5,  7.5,
       30. , 30. ,  7.5, 30. ,  7.5, 30. ,  7.5,  7.5,  7.5, 30. ,  7.5,
       30. , 30. ,  7.5, 30. ,  7.5,  7.5, 30. ,  7.5, 30. ,  7.5,  7.5,
       30. ,  7.5,  7.5,  7.5, 30. ,  7.5, 30. ,  7.5, 30. , 30. ,  7.5,
       30. ,  7.5,  7.5, 30. , 30. ,  7.5, 30. ,  7.5,  7.5,  7.5, 30. ,
        7.5, 30. ,  7.5, 30. ,  7.5,  7.5, 30. ,  7.5, 30. ,  7.5, 30. ,
        7.5,  7.5, 30. ,  7.5, 30. ,  7.5, 30. ,  7.5,  7.5, 30. , 30. ,
        7.5,  7.5, 30. ,  7.5,  7.5,  7.5, 30. ,  7.5, 30. ,  7.5,  7.5,
       30. ,  7.5, 30. ,  7.5, 30. ,  7.5, 30. ,  7.5,  7.5, 30. ,  7.5,
       30. ,  7.5,  7.5, 30. , 30. ,  7.5, 30. ,  7.5,  7.5, 30. ,  7.5,
        7.5,  7.5, 30. ,  7.5, 30. ,  7.5, 30. ,  7.5,  7.5, 30. ,  7.5])}
18:14:47 NOTE  title :Events by Decade
18:14:47 NOTE  xlabels :['1930', '1940', '1950', '1960', '1970', '1980', '1990', '2000', '2010', '2020', '2040', '2030']
18:14:47 NOTE  ylabels :['GestationalDiabetes:Birth', 'GestationalDiabetes:Male', 'GestationalDiabetes:Childless', 'GestationalDiabetes:ConceiveFirstChild', 'GestationalDiabetes:GPvisit']
18:14:47 NOTE  data :{'index': array([ 0,  1,  2,  3,  4,  5,  6,  7,  8,  9, 10, 11, 12, 13, 14, 15, 16,
       17, 18, 19, 20, 21, 22, 23, 24, 25, 26, 27, 28, 29, 30, 31, 32, 33,
       34, 35, 36, 37, 38]), 'Pathway:Node': array(['GestationalDiabetes:Birth', 'GestationalDiabetes:Birth',
       'GestationalDiabetes:Birth', 'GestationalDiabetes:Birth',
       'GestationalDiabetes:Birth', 'GestationalDiabetes:Birth',
       'GestationalDiabetes:Birth', 'GestationalDiabetes:Birth',
       'GestationalDiabetes:Birth', 'GestationalDiabetes:Male',
       'GestationalDiabetes:Male', 'GestationalDiabetes:Male',
       'GestationalDiabetes:Male', 'GestationalDiabetes:Male',
       'GestationalDiabetes:Male', 'GestationalDiabetes:Male',
       'GestationalDiabetes:Male', 'GestationalDiabetes:Childless',
       'GestationalDiabetes:Childless', 'GestationalDiabetes:Childless',
       'GestationalDiabetes:Childless', 'GestationalDiabetes:Childless',
       'GestationalDiabetes:Childless',
       'GestationalDiabetes:ConceiveFirstChild',
       'GestationalDiabetes:ConceiveFirstChild',
       'GestationalDiabetes:ConceiveFirstChild',
       'GestationalDiabetes:ConceiveFirstChild',
       'GestationalDiabetes:ConceiveFirstChild',
       'GestationalDiabetes:ConceiveFirstChild',
       'GestationalDiabetes:ConceiveFirstChild',
       'GestationalDiabetes:ConceiveFirstChild',
       'GestationalDiabetes:GPvisit', 'GestationalDiabetes:GPvisit',
       'GestationalDiabetes:GPvisit', 'GestationalDiabetes:GPvisit',
       'GestationalDiabetes:GPvisit', 'GestationalDiabetes:GPvisit',
       'GestationalDiabetes:GPvisit', 'GestationalDiabetes:GPvisit'],
      dtype=object), 'Date': array(['1930', '1940', '1950', '1960', '1970', '1980', '1990', '2000',
       '2010', '1940', '1950', '1960', '1970', '1980', '1990', '2000',
       '2010', '1960', '1970', '2000', '2010', '2020', '2040', '1970',
       '1980', '1990', '2000', '2010', '2020', '2030', '2040', '1970',
       '1980', '1990', '2000', '2010', '2020', '2030', '2040'],
      dtype=object), 'UniqueCount': array([3, 3, 5, 7, 7, 5, 7, 8, 6, 2, 3, 2, 4, 1, 4, 3, 3, 2, 1, 2, 2, 1,
       2, 1, 3, 2, 1, 2, 6, 2, 2, 1, 3, 2, 1, 2, 6, 1, 3]), 'ScaledSize': array([11.25, 11.25, 18.75, 26.25, 26.25, 18.75, 26.25, 30.  , 22.5 ,
        7.5 , 11.25,  7.5 , 15.  ,  3.75, 15.  , 11.25, 11.25,  7.5 ,
        3.75,  7.5 ,  7.5 ,  3.75,  7.5 ,  3.75, 11.25,  7.5 ,  3.75,
        7.5 , 22.5 ,  7.5 ,  7.5 ,  3.75, 11.25,  7.5 ,  3.75,  7.5 ,
       22.5 ,  3.75, 11.25])}
18:14:47 NOTE  title :Individuals Events Over Time
18:14:47 NOTE  xlabels :None
18:14:47 NOTE  ylabels :['GestationalDiabetes:Birth', 'GestationalDiabetes:Male', 'GestationalDiabetes:Childless', 'GestationalDiabetes:ConceiveFirstChild', 'GestationalDiabetes:GPvisit']
18:14:47 NOTE  data :{'index': array([  0,   1,   2,   3,   4,   5,   6,   7,   8,   9,  10,  11,  12,
        13,  14,  15,  16,  17,  18,  19,  20,  21,  22,  23,  24,  25,
        26,  27,  28,  29,  30,  31,  32,  33,  34,  35,  36,  37,  38,
        39,  40,  41,  42,  43,  44,  45,  46,  47,  48,  49,  50,  51,
        52,  53,  54,  55,  56,  57,  58,  59,  60,  61,  62,  63,  64,
        65,  66,  67,  68,  69,  70,  71,  72,  73,  74,  75,  76,  77,
        78,  79,  80,  81,  82,  83,  84,  85,  86,  87,  88,  89,  90,
        91,  92,  93,  94,  95,  96,  97,  98,  99, 100, 101, 102, 103,
       104, 105, 106, 107, 108, 109, 110, 111, 112, 113, 114, 115, 116,
       117, 118, 119, 120]), 'Pathway:Node': array(['GestationalDiabetes:Birth', 'GestationalDiabetes:Birth',
       'GestationalDiabetes:Birth', 'GestationalDiabetes:Birth',
       'GestationalDiabetes:Birth', 'GestationalDiabetes:Birth',
       'GestationalDiabetes:Birth', 'GestationalDiabetes:Birth',
       'GestationalDiabetes:Birth', 'GestationalDiabetes:Birth',
       'GestationalDiabetes:Birth', 'GestationalDiabetes:Birth',
       'GestationalDiabetes:Birth', 'GestationalDiabetes:Birth',
       'GestationalDiabetes:Birth', 'GestationalDiabetes:Birth',
       'GestationalDiabetes:Birth', 'GestationalDiabetes:Birth',
       'GestationalDiabetes:Birth', 'GestationalDiabetes:Birth',
       'GestationalDiabetes:Birth', 'GestationalDiabetes:Birth',
       'GestationalDiabetes:Birth', 'GestationalDiabetes:Birth',
       'GestationalDiabetes:Birth', 'GestationalDiabetes:Birth',
       'GestationalDiabetes:Birth', 'GestationalDiabetes:Birth',
       'GestationalDiabetes:Birth', 'GestationalDiabetes:Birth',
       'GestationalDiabetes:Birth', 'GestationalDiabetes:Birth',
       'GestationalDiabetes:Birth', 'GestationalDiabetes:Birth',
       'GestationalDiabetes:Birth', 'GestationalDiabetes:Birth',
       'GestationalDiabetes:Birth', 'GestationalDiabetes:Birth',
       'GestationalDiabetes:Birth', 'GestationalDiabetes:Birth',
       'GestationalDiabetes:Birth', 'GestationalDiabetes:Birth',
       'GestationalDiabetes:Birth', 'GestationalDiabetes:Birth',
       'GestationalDiabetes:Birth', 'GestationalDiabetes:Birth',
       'GestationalDiabetes:Birth', 'GestationalDiabetes:Birth',
       'GestationalDiabetes:Birth', 'GestationalDiabetes:Birth',
       'GestationalDiabetes:Birth', 'GestationalDiabetes:Male',
       'GestationalDiabetes:Male', 'GestationalDiabetes:Male',
       'GestationalDiabetes:Male', 'GestationalDiabetes:Male',
       'GestationalDiabetes:Male', 'GestationalDiabetes:Male',
       'GestationalDiabetes:Male', 'GestationalDiabetes:Male',
       'GestationalDiabetes:Male', 'GestationalDiabetes:Male',
       'GestationalDiabetes:Male', 'GestationalDiabetes:Male',
       'GestationalDiabetes:Male', 'GestationalDiabetes:Male',
       'GestationalDiabetes:Male', 'GestationalDiabetes:Male',
       'GestationalDiabetes:Male', 'GestationalDiabetes:Male',
       'GestationalDiabetes:Male', 'GestationalDiabetes:Male',
       'GestationalDiabetes:Male', 'GestationalDiabetes:Childless',
       'GestationalDiabetes:Childless', 'GestationalDiabetes:Childless',
       'GestationalDiabetes:Childless', 'GestationalDiabetes:Childless',
       'GestationalDiabetes:Childless', 'GestationalDiabetes:Childless',
       'GestationalDiabetes:Childless', 'GestationalDiabetes:Childless',
       'GestationalDiabetes:Childless',
       'GestationalDiabetes:ConceiveFirstChild',
       'GestationalDiabetes:ConceiveFirstChild',
       'GestationalDiabetes:ConceiveFirstChild',
       'GestationalDiabetes:ConceiveFirstChild',
       'GestationalDiabetes:ConceiveFirstChild',
       'GestationalDiabetes:ConceiveFirstChild',
       'GestationalDiabetes:ConceiveFirstChild',
       'GestationalDiabetes:ConceiveFirstChild',
       'GestationalDiabetes:ConceiveFirstChild',
       'GestationalDiabetes:ConceiveFirstChild',
       'GestationalDiabetes:ConceiveFirstChild',
       'GestationalDiabetes:ConceiveFirstChild',
       'GestationalDiabetes:ConceiveFirstChild',
       'GestationalDiabetes:ConceiveFirstChild',
       'GestationalDiabetes:ConceiveFirstChild',
       'GestationalDiabetes:ConceiveFirstChild',
       'GestationalDiabetes:ConceiveFirstChild',
       'GestationalDiabetes:ConceiveFirstChild',
       'GestationalDiabetes:ConceiveFirstChild',
       'GestationalDiabetes:GPvisit', 'GestationalDiabetes:GPvisit',
       'GestationalDiabetes:GPvisit', 'GestationalDiabetes:GPvisit',
       'GestationalDiabetes:GPvisit', 'GestationalDiabetes:GPvisit',
       'GestationalDiabetes:GPvisit', 'GestationalDiabetes:GPvisit',
       'GestationalDiabetes:GPvisit', 'GestationalDiabetes:GPvisit',
       'GestationalDiabetes:GPvisit', 'GestationalDiabetes:GPvisit',
       'GestationalDiabetes:GPvisit', 'GestationalDiabetes:GPvisit',
       'GestationalDiabetes:GPvisit', 'GestationalDiabetes:GPvisit',
       'GestationalDiabetes:GPvisit', 'GestationalDiabetes:GPvisit',
       'GestationalDiabetes:GPvisit'], dtype=object), 'Date': array(['1935-10-28T00:00:00.000000000', '1936-08-26T00:00:00.000000000',
       '1938-05-20T00:00:00.000000000', '1941-03-23T00:00:00.000000000',
       '1941-10-15T00:00:00.000000000', '1946-12-16T00:00:00.000000000',
       '1952-11-28T00:00:00.000000000', '1953-10-10T00:00:00.000000000',
       '1956-01-04T00:00:00.000000000', '1956-04-14T00:00:00.000000000',
       '1958-04-20T00:00:00.000000000', '1960-09-24T00:00:00.000000000',
       '1962-04-18T00:00:00.000000000', '1963-08-03T00:00:00.000000000',
       '1964-12-25T00:00:00.000000000', '1966-01-31T00:00:00.000000000',
       '1967-11-09T00:00:00.000000000', '1969-05-15T00:00:00.000000000',
       '1971-08-26T00:00:00.000000000', '1973-02-26T00:00:00.000000000',
       '1975-03-27T00:00:00.000000000', '1975-08-31T00:00:00.000000000',
       '1979-01-05T00:00:00.000000000', '1979-01-18T00:00:00.000000000',
       '1979-08-07T00:00:00.000000000', '1982-10-27T00:00:00.000000000',
       '1983-07-08T00:00:00.000000000', '1986-06-23T00:00:00.000000000',
       '1987-04-04T00:00:00.000000000', '1987-10-04T00:00:00.000000000',
       '1992-07-31T00:00:00.000000000', '1992-11-20T00:00:00.000000000',
       '1995-02-13T00:00:00.000000000', '1996-10-11T00:00:00.000000000',
       '1997-03-06T00:00:00.000000000', '1997-11-19T00:00:00.000000000',
       '1998-05-18T00:00:00.000000000', '2000-12-25T00:00:00.000000000',
       '2001-09-13T00:00:00.000000000', '2003-01-07T00:00:00.000000000',
       '2004-10-31T00:00:00.000000000', '2004-11-08T00:00:00.000000000',
       '2005-12-29T00:00:00.000000000', '2006-09-29T00:00:00.000000000',
       '2008-06-03T00:00:00.000000000', '2010-08-17T00:00:00.000000000',
       '2010-09-25T00:00:00.000000000', '2011-04-21T00:00:00.000000000',
       '2012-06-30T00:00:00.000000000', '2017-01-26T00:00:00.000000000',
       '2017-05-11T00:00:00.000000000', '1941-10-15T00:00:00.000000000',
       '1946-12-16T00:00:00.000000000', '1952-11-28T00:00:00.000000000',
       '1953-10-10T00:00:00.000000000', '1956-01-04T00:00:00.000000000',
       '1960-09-24T00:00:00.000000000', '1964-12-25T00:00:00.000000000',
       '1971-08-26T00:00:00.000000000', '1973-02-26T00:00:00.000000000',
       '1979-01-05T00:00:00.000000000', '1979-08-07T00:00:00.000000000',
       '1983-07-08T00:00:00.000000000', '1992-07-31T00:00:00.000000000',
       '1992-11-20T00:00:00.000000000', '1996-10-11T00:00:00.000000000',
       '1998-05-18T00:00:00.000000000', '2003-01-07T00:00:00.000000000',
       '2004-11-08T00:00:00.000000000', '2008-06-03T00:00:00.000000000',
       '2011-04-21T00:00:00.000000000', '2017-01-26T00:00:00.000000000',
       '2017-05-11T00:00:00.000000000', '1960-09-20T00:00:00.000000000',
       '1966-01-17T00:00:00.000000000', '1973-02-07T00:00:00.000000000',
       '2000-09-19T00:00:00.000000000', '2002-12-29T00:00:00.000000000',
       '2011-11-17T00:00:00.000000000', '2012-06-11T00:00:00.000000000',
       '2021-05-09T00:00:00.000000000', '2043-04-21T00:00:00.000000000',
       '2043-06-18T00:00:00.000000000', '1976-08-03T00:00:00.000000000',
       '1986-01-21T00:00:00.000000000', '1988-05-06T00:00:00.000000000',
       '1988-08-15T00:00:00.000000000', '1994-07-10T00:00:00.000000000',
       '1999-04-03T00:00:00.000000000', '2002-10-21T00:00:00.000000000',
       '2010-10-22T00:00:00.000000000', '2015-03-24T00:00:00.000000000',
       '2020-03-12T00:00:00.000000000', '2020-11-29T00:00:00.000000000',
       '2025-10-09T00:00:00.000000000', '2026-05-25T00:00:00.000000000',
       '2027-06-02T00:00:00.000000000', '2027-07-02T00:00:00.000000000',
       '2033-04-11T00:00:00.000000000', '2039-10-21T00:00:00.000000000',
       '2042-03-14T00:00:00.000000000', '2045-05-28T00:00:00.000000000',
       '1976-10-21T00:00:00.000000000', '1986-04-15T00:00:00.000000000',
       '1988-07-19T00:00:00.000000000', '1988-10-14T00:00:00.000000000',
       '1994-09-17T00:00:00.000000000', '1999-06-26T00:00:00.000000000',
       '2002-12-26T00:00:00.000000000', '2011-01-03T00:00:00.000000000',
       '2015-06-16T00:00:00.000000000', '2020-05-31T00:00:00.000000000',
       '2021-02-20T00:00:00.000000000', '2025-12-16T00:00:00.000000000',
       '2026-07-27T00:00:00.000000000', '2027-08-21T00:00:00.000000000',
       '2027-09-18T00:00:00.000000000', '2033-06-26T00:00:00.000000000',
       '2040-01-11T00:00:00.000000000', '2042-05-11T00:00:00.000000000',
       '2045-07-23T00:00:00.000000000'], dtype='datetime64[ns]'), 'PID': array(['23', '3', '6', '9', '21', '37', '30', '24', '49', '46', '36',
       '32', '50', '48', '33', '25', '45', '39', '4', '20', '22', '2',
       '5', '1', '38', '17', '31', '13', '42', '14', '27', '44', '41',
       '16', '0', '10', '7', '34', '29', '26', '35', '18', '12', '11',
       '40', '8', '19', '43', '28', '15', '47', '21', '37', '30', '24',
       '49', '32', '33', '4', '20', '5', '38', '31', '27', '44', '16',
       '7', '26', '18', '40', '43', '15', '47', '6', '9', '23', '39', '1',
       '2', '17', '10', '19', '11', '3', '48', '50', '25', '46', '36',
       '45', '22', '14', '13', '34', '12', '29', '41', '42', '0', '28',
       '8', '35', '3', '48', '50', '25', '46', '36', '45', '22', '14',
       '13', '34', '12', '29', '41', '42', '0', '28', '8', '35'],
      dtype=object)}
